[0.064s] DEBUG:colcon:Command line arguments: ['/usr/bin/colcon', 'build']
[0.064s] DEBUG:colcon:Parsed command line arguments: Namespace(log_base=None, log_level=None, verb_name='build', build_base='build', install_base='install', merge_install=False, symlink_install=False, test_result_base=None, continue_on_error=False, executor='parallel', parallel_workers=24, event_handlers=None, ignore_user_meta=False, metas=['./colcon.meta'], base_paths=['.'], packages_ignore=None, packages_ignore_regex=None, paths=None, packages_up_to=None, packages_up_to_regex=None, packages_above=None, packages_above_and_dependencies=None, packages_above_depth=None, packages_select_by_dep=None, packages_skip_by_dep=None, packages_skip_up_to=None, packages_select_build_failed=False, packages_skip_build_finished=False, packages_select_test_failures=False, packages_skip_test_passed=False, packages_select=None, packages_skip=None, packages_select_regex=None, packages_skip_regex=None, packages_start=None, packages_end=None, allow_overriding=[], cmake_args=None, cmake_target=None, cmake_target_skip_unavailable=False, cmake_clean_cache=False, cmake_clean_first=False, cmake_force_configure=False, ament_cmake_args=None, catkin_cmake_args=None, catkin_skip_building_tests=False, verb_parser=<colcon_defaults.argument_parser.defaults.DefaultArgumentsDecorator object at 0x716fb219f2b0>, verb_extension=<colcon_core.verb.build.BuildVerb object at 0x716fb22e47c0>, main=<bound method BuildVerb.main of <colcon_core.verb.build.BuildVerb object at 0x716fb22e47c0>>)
[0.161s] Level 1:colcon.colcon_core.package_discovery:discover_packages(colcon_meta) check parameters
[0.161s] Level 1:colcon.colcon_core.package_discovery:discover_packages(recursive) check parameters
[0.161s] Level 1:colcon.colcon_core.package_discovery:discover_packages(ignore) check parameters
[0.161s] Level 1:colcon.colcon_core.package_discovery:discover_packages(path) check parameters
[0.161s] Level 1:colcon.colcon_core.package_discovery:discover_packages(colcon_meta) discover
[0.161s] Level 1:colcon.colcon_core.package_discovery:discover_packages(recursive) discover
[0.161s] INFO:colcon.colcon_core.package_discovery:Crawling recursively for packages in '/home/sfx233/final_homework/src/answer'
[0.161s] Level 1:colcon.colcon_core.package_identification:_identify(.) by extensions ['ignore', 'ignore_ament_install']
[0.161s] Level 1:colcon.colcon_core.package_identification:_identify(.) by extension 'ignore'
[0.161s] Level 1:colcon.colcon_core.package_identification:_identify(.) by extension 'ignore_ament_install'
[0.161s] Level 1:colcon.colcon_core.package_identification:_identify(.) by extensions ['colcon_pkg']
[0.161s] Level 1:colcon.colcon_core.package_identification:_identify(.) by extension 'colcon_pkg'
[0.161s] Level 1:colcon.colcon_core.package_identification:_identify(.) by extensions ['colcon_meta']
[0.161s] Level 1:colcon.colcon_core.package_identification:_identify(.) by extension 'colcon_meta'
[0.161s] Level 1:colcon.colcon_core.package_identification:_identify(.) by extensions ['ros']
[0.161s] Level 1:colcon.colcon_core.package_identification:_identify(.) by extension 'ros'
[0.170s] DEBUG:colcon.colcon_core.package_identification:Package '.' with type 'ros.catkin' and name 'map_processing'
[0.170s] Level 1:colcon.colcon_core.package_discovery:discover_packages(recursive) using defaults
[0.170s] Level 1:colcon.colcon_core.package_discovery:discover_packages(ignore) discover
[0.170s] Level 1:colcon.colcon_core.package_discovery:discover_packages(ignore) using defaults
[0.170s] Level 1:colcon.colcon_core.package_discovery:discover_packages(path) discover
[0.170s] Level 1:colcon.colcon_core.package_discovery:discover_packages(path) using defaults
[0.183s] Level 1:colcon.colcon_core.package_discovery:discover_packages(prefix_path) check parameters
[0.183s] Level 1:colcon.colcon_core.package_discovery:discover_packages(prefix_path) discover
[0.191s] DEBUG:colcon.colcon_installed_package_information.package_discovery:Found 272 installed packages in /opt/ros/humble
[0.192s] Level 1:colcon.colcon_core.package_discovery:discover_packages(prefix_path) using defaults
[0.213s] Level 5:colcon.colcon_core.verb:set package 'map_processing' build argument 'cmake_args' from command line to 'None'
[0.213s] Level 5:colcon.colcon_core.verb:set package 'map_processing' build argument 'cmake_target' from command line to 'None'
[0.213s] Level 5:colcon.colcon_core.verb:set package 'map_processing' build argument 'cmake_target_skip_unavailable' from command line to 'False'
[0.213s] Level 5:colcon.colcon_core.verb:set package 'map_processing' build argument 'cmake_clean_cache' from command line to 'False'
[0.213s] Level 5:colcon.colcon_core.verb:set package 'map_processing' build argument 'cmake_clean_first' from command line to 'False'
[0.213s] Level 5:colcon.colcon_core.verb:set package 'map_processing' build argument 'cmake_force_configure' from command line to 'False'
[0.213s] Level 5:colcon.colcon_core.verb:set package 'map_processing' build argument 'ament_cmake_args' from command line to 'None'
[0.213s] Level 5:colcon.colcon_core.verb:set package 'map_processing' build argument 'catkin_cmake_args' from command line to 'None'
[0.213s] Level 5:colcon.colcon_core.verb:set package 'map_processing' build argument 'catkin_skip_building_tests' from command line to 'False'
[0.213s] DEBUG:colcon.colcon_core.verb:Building package 'map_processing' with the following arguments: {'ament_cmake_args': None, 'build_base': '/home/sfx233/final_homework/src/answer/build/map_processing', 'catkin_cmake_args': None, 'catkin_skip_building_tests': False, 'cmake_args': None, 'cmake_clean_cache': False, 'cmake_clean_first': False, 'cmake_force_configure': False, 'cmake_target': None, 'cmake_target_skip_unavailable': False, 'install_base': '/home/sfx233/final_homework/src/answer/install/map_processing', 'merge_install': False, 'path': '/home/sfx233/final_homework/src/answer', 'symlink_install': False, 'test_result_base': None}
[0.213s] INFO:colcon.colcon_core.executor:Executing jobs using 'parallel' executor
[0.214s] DEBUG:colcon.colcon_parallel_executor.executor.parallel:run_until_complete
[0.214s] INFO:colcon.colcon_ros.task.catkin.build:Building ROS package in '/home/sfx233/final_homework/src/answer' with build type 'catkin'
[0.214s] INFO:colcon.colcon_cmake.task.cmake.build:Building CMake package in '/home/sfx233/final_homework/src/answer'
[0.215s] INFO:colcon.colcon_core.plugin_system:Skipping extension 'colcon_core.shell.bat': Not used on non-Windows systems
[0.215s] INFO:colcon.colcon_core.shell:Skip shell extension 'powershell' for command environment: Not usable outside of PowerShell
[0.215s] DEBUG:colcon.colcon_core.shell:Skip shell extension 'dsv' for command environment
[0.221s] DEBUG:colcon.colcon_core.event_handler.log_command:Invoking command in '/home/sfx233/final_homework/src/answer/build/map_processing': /usr/bin/cmake /home/sfx233/final_homework/src/answer -DCATKIN_INSTALL_INTO_PREFIX_ROOT=0 -DCMAKE_INSTALL_PREFIX=/home/sfx233/final_homework/src/answer/install/map_processing
[1.067s] DEBUG:colcon.colcon_core.event_handler.log_command:Invoked command in '/home/sfx233/final_homework/src/answer/build/map_processing' returned '1': /usr/bin/cmake /home/sfx233/final_homework/src/answer -DCATKIN_INSTALL_INTO_PREFIX_ROOT=0 -DCMAKE_INSTALL_PREFIX=/home/sfx233/final_homework/src/answer/install/map_processing
[1.075s] Level 1:colcon.colcon_core.environment:create_environment_scripts_only(map_processing)
[1.077s] Level 1:colcon.colcon_core.environment:checking '/home/sfx233/final_homework/src/answer/install/map_processing' for CMake module files
[1.077s] Level 1:colcon.colcon_core.environment:checking '/home/sfx233/final_homework/src/answer/install/map_processing' for CMake config files
[1.077s] Level 1:colcon.colcon_core.environment:checking '/home/sfx233/final_homework/src/answer/install/map_processing/bin'
[1.077s] Level 1:colcon.colcon_core.environment:checking '/home/sfx233/final_homework/src/answer/install/map_processing/lib/pkgconfig/map_processing.pc'
[1.077s] Level 1:colcon.colcon_core.environment:checking '/home/sfx233/final_homework/src/answer/install/map_processing/lib/python3.10/site-packages'
[1.077s] Level 1:colcon.colcon_core.environment:checking '/home/sfx233/final_homework/src/answer/install/map_processing/bin'
[1.078s] INFO:colcon.colcon_core.shell:Creating package script '/home/sfx233/final_homework/src/answer/install/map_processing/share/map_processing/package.ps1'
[1.078s] INFO:colcon.colcon_core.shell:Creating package descriptor '/home/sfx233/final_homework/src/answer/install/map_processing/share/map_processing/package.dsv'
[1.078s] INFO:colcon.colcon_core.shell:Creating package script '/home/sfx233/final_homework/src/answer/install/map_processing/share/map_processing/package.sh'
[1.079s] INFO:colcon.colcon_core.shell:Creating package script '/home/sfx233/final_homework/src/answer/install/map_processing/share/map_processing/package.bash'
[1.079s] INFO:colcon.colcon_core.shell:Creating package script '/home/sfx233/final_homework/src/answer/install/map_processing/share/map_processing/package.zsh'
[1.079s] Level 1:colcon.colcon_core.environment:create_file_with_runtime_dependencies(/home/sfx233/final_homework/src/answer/install/map_processing/share/colcon-core/packages/map_processing)
[1.090s] DEBUG:colcon.colcon_parallel_executor.executor.parallel:closing loop
[1.090s] DEBUG:colcon.colcon_parallel_executor.executor.parallel:loop closed
[1.090s] DEBUG:colcon.colcon_parallel_executor.executor.parallel:run_until_complete finished with '1'
[1.090s] DEBUG:colcon.colcon_core.event_reactor:joining thread
[1.093s] INFO:colcon.colcon_core.plugin_system:Skipping extension 'colcon_notification.desktop_notification.terminal_notifier': Not used on non-Darwin systems
[1.094s] INFO:colcon.colcon_core.plugin_system:Skipping extension 'colcon_notification.desktop_notification.win32': Not used on non-Windows systems
[1.094s] INFO:colcon.colcon_notification.desktop_notification:Sending desktop notification using 'notify2'
[1.102s] DEBUG:colcon.colcon_core.event_reactor:joined thread
[1.103s] INFO:colcon.colcon_core.shell:Creating prefix script '/home/sfx233/final_homework/src/answer/install/local_setup.ps1'
[1.104s] INFO:colcon.colcon_core.shell:Creating prefix util module '/home/sfx233/final_homework/src/answer/install/_local_setup_util_ps1.py'
[1.105s] INFO:colcon.colcon_core.shell:Creating prefix chain script '/home/sfx233/final_homework/src/answer/install/setup.ps1'
[1.105s] INFO:colcon.colcon_core.shell:Creating prefix script '/home/sfx233/final_homework/src/answer/install/local_setup.sh'
[1.106s] INFO:colcon.colcon_core.shell:Creating prefix util module '/home/sfx233/final_homework/src/answer/install/_local_setup_util_sh.py'
[1.106s] INFO:colcon.colcon_core.shell:Creating prefix chain script '/home/sfx233/final_homework/src/answer/install/setup.sh'
[1.107s] INFO:colcon.colcon_core.shell:Creating prefix script '/home/sfx233/final_homework/src/answer/install/local_setup.bash'
[1.107s] INFO:colcon.colcon_core.shell:Creating prefix chain script '/home/sfx233/final_homework/src/answer/install/setup.bash'
[1.108s] INFO:colcon.colcon_core.shell:Creating prefix script '/home/sfx233/final_homework/src/answer/install/local_setup.zsh'
[1.108s] INFO:colcon.colcon_core.shell:Creating prefix chain script '/home/sfx233/final_homework/src/answer/install/setup.zsh'
