[0.006s] Invoking command in '/home/sfx233/final_homework/build/answer': /usr/bin/cmake /home/sfx233/final_homework/src/answer -DCMAKE_INSTALL_PREFIX=/home/sfx233/final_homework/install/answer
[0.060s] -- The C compiler identification is GNU 11.4.0
[0.118s] -- The CXX compiler identification is GNU 11.4.0
[0.123s] -- Detecting C compiler ABI info
[0.192s] -- Detecting C compiler ABI info - done
[0.199s] -- Check for working C compiler: /usr/bin/cc - skipped
[0.199s] -- Detecting C compile features
[0.199s] -- Detecting C compile features - done
[0.204s] -- Detecting CXX compiler ABI info
[0.286s] -- Detecting CXX compiler ABI info - done
[0.291s] -- Check for working CXX compiler: /usr/bin/c++ - skipped
[0.291s] -- Detecting CXX compile features
[0.291s] -- Detecting CXX compile features - done
[0.294s] -- Found OpenCV: /usr/local (found version "4.12.0") 
[0.295s] -- Found rclcpp: 16.0.11 (/opt/ros/humble/share/rclcpp/cmake)
[0.408s] -- Found Python3: /usr/bin/python3 (found version "3.10.12") found components: Interpreter 
[0.489s] -- Found rosidl_generator_c: 3.1.6 (/opt/ros/humble/share/rosidl_generator_c/cmake)
[0.492s] -- Found rosidl_adapter: 3.1.6 (/opt/ros/humble/share/rosidl_adapter/cmake)
[0.497s] -- Found rosidl_generator_cpp: 3.1.6 (/opt/ros/humble/share/rosidl_generator_cpp/cmake)
[0.503s] -- Using all available rosidl_typesupport_c: rosidl_typesupport_fastrtps_c;rosidl_typesupport_introspection_c
[0.513s] -- Using all available rosidl_typesupport_cpp: rosidl_typesupport_fastrtps_cpp;rosidl_typesupport_introspection_cpp
[0.539s] -- Found rmw_implementation_cmake: 6.1.2 (/opt/ros/humble/share/rmw_implementation_cmake/cmake)
[0.540s] -- Found rmw_fastrtps_cpp: 6.2.7 (/opt/ros/humble/share/rmw_fastrtps_cpp/cmake)
[0.618s] -- Found OpenSSL: /usr/lib/x86_64-linux-gnu/libcrypto.so (found version "3.0.2")  
[0.636s] -- Found FastRTPS: /opt/ros/humble/include  
[0.674s] -- Using RMW implementation 'rmw_fastrtps_cpp' as default
[0.679s] -- Looking for pthread.h
[0.759s] -- Looking for pthread.h - found
[0.759s] -- Performing Test CMAKE_HAVE_LIBC_PTHREAD
[0.843s] -- Performing Test CMAKE_HAVE_LIBC_PTHREAD - Success
[0.843s] -- Found Threads: TRUE  
[0.879s] -- Found sensor_msgs: 4.2.4 (/opt/ros/humble/share/sensor_msgs/cmake)
[0.898s] -- Found cv_bridge: 3.2.1 (/opt/ros/humble/share/cv_bridge/cmake)
[0.899s] -- Configuring done
[0.901s] [31mCMake Error at CMakeLists.txt:11 (add_executable):
[0.901s]   Target "answer" links to target "sensor_msgs::sensor_msgs" but the target
[0.901s]   was not found.  Perhaps a find_package() call is missing for an IMPORTED
[0.901s]   target, or an ALIAS target is missing?
[0.901s] 
[0.901s] [0m
[0.902s] -- Generating done
[0.903s] [0mCMake Generate step failed.  Build files cannot be regenerated correctly.[0m
[0.909s] Invoked command in '/home/sfx233/final_homework/build/answer' returned '1': /usr/bin/cmake /home/sfx233/final_homework/src/answer -DCMAKE_INSTALL_PREFIX=/home/sfx233/final_homework/install/answer
