[0.006s] Invoking command in '/home/sfx233/final_homework/src/answer/build/map_processing': /usr/bin/cmake /home/sfx233/final_homework/src/answer -DCATKIN_INSTALL_INTO_PREFIX_ROOT=0 -DCMAKE_INSTALL_PREFIX=/home/sfx233/final_homework/src/answer/install/map_processing
[0.049s] -- The C compiler identification is GNU 11.4.0
[0.105s] -- The CXX compiler identification is GNU 11.4.0
[0.111s] -- Detecting C compiler ABI info
[0.188s] -- Detecting C compiler ABI info - done
[0.198s] -- Check for working C compiler: /usr/bin/cc - skipped
[0.198s] -- Detecting C compile features
[0.199s] -- Detecting C compile features - done
[0.201s] -- Detecting CXX compiler ABI info
[0.262s] -- Detecting CXX compiler ABI info - done
[0.267s] -- Check for working CXX compiler: /usr/bin/c++ - skipped
[0.268s] -- Detecting CXX compile features
[0.268s] -- Detecting CXX compile features - done
[0.269s] -- Found ament_cmake: 1.3.11 (/opt/ros/humble/share/ament_cmake/cmake)
[0.402s] -- Found Python3: /usr/bin/python3 (found version "3.10.12") found components: Interpreter 
[0.464s] -- Found rclcpp: 16.0.11 (/opt/ros/humble/share/rclcpp/cmake)
[0.487s] -- Found rosidl_generator_c: 3.1.6 (/opt/ros/humble/share/rosidl_generator_c/cmake)
[0.490s] -- Found rosidl_adapter: 3.1.6 (/opt/ros/humble/share/rosidl_adapter/cmake)
[0.495s] -- Found rosidl_generator_cpp: 3.1.6 (/opt/ros/humble/share/rosidl_generator_cpp/cmake)
[0.502s] -- Using all available rosidl_typesupport_c: rosidl_typesupport_fastrtps_c;rosidl_typesupport_introspection_c
[0.512s] -- Using all available rosidl_typesupport_cpp: rosidl_typesupport_fastrtps_cpp;rosidl_typesupport_introspection_cpp
[0.537s] -- Found rmw_implementation_cmake: 6.1.2 (/opt/ros/humble/share/rmw_implementation_cmake/cmake)
[0.539s] -- Found rmw_fastrtps_cpp: 6.2.7 (/opt/ros/humble/share/rmw_fastrtps_cpp/cmake)
[0.606s] -- Found OpenSSL: /usr/lib/x86_64-linux-gnu/libcrypto.so (found version "3.0.2")  
[0.631s] -- Found FastRTPS: /opt/ros/humble/include  
[0.661s] -- Using RMW implementation 'rmw_fastrtps_cpp' as default
[0.666s] -- Looking for pthread.h
[0.724s] -- Looking for pthread.h - found
[0.724s] -- Performing Test CMAKE_HAVE_LIBC_PTHREAD
[0.784s] -- Performing Test CMAKE_HAVE_LIBC_PTHREAD - Success
[0.785s] -- Found Threads: TRUE  
[0.817s] -- Found cv_bridge: 3.2.1 (/opt/ros/humble/share/cv_bridge/cmake)
[0.846s] -- Configuring incomplete, errors occurred!
[0.846s] See also "/home/sfx233/final_homework/src/answer/build/map_processing/CMakeFiles/CMakeOutput.log".
[0.846s] [31mCMake Error at CMakeLists.txt:13 (find_package):
[0.846s]   Could not find a configuration file for package "OpenCV" that exactly
[0.846s]   matches requested version "4.5".
[0.846s] 
[0.846s]   The following configuration files were considered but not accepted:
[0.846s] 
[0.846s]     /usr/local/lib/cmake/opencv4/OpenCVConfig.cmake, version: 4.12.0
[0.846s]     /usr/lib/x86_64-linux-gnu/cmake/opencv4/OpenCVConfig.cmake, version: 4.5.4
[0.846s]     /lib/x86_64-linux-gnu/cmake/opencv4/OpenCVConfig.cmake, version: 4.5.4
[0.846s] 
[0.846s] 
[0.846s] [0m
[0.852s] Invoked command in '/home/sfx233/final_homework/src/answer/build/map_processing' returned '1': /usr/bin/cmake /home/sfx233/final_homework/src/answer -DCATKIN_INSTALL_INTO_PREFIX_ROOT=0 -DCMAKE_INSTALL_PREFIX=/home/sfx233/final_homework/src/answer/install/map_processing
